2019-08-27 19:48:39,692 [Worker-3: Loading available Gradle versions] INFO  o.e.b.c.i.u.g.PublishedGradleVersions - Gradle version information cache is up-to-date. Trying to read.
2019-09-10 21:11:46,154 [Worker-3: Loading available Gradle versions] INFO  o.e.b.c.i.u.g.PublishedGradleVersions - Gradle version information cache is out-of-date. Trying to update.
2019-09-10 21:13:30,338 [ModalContext] INFO  o.e.m.c.i.e.AbstractTransferListenerAdapter - Downloading https://repo.maven.apache.org/maven2/org/apache/maven/archetypes/maven-archetype-quickstart/1.1/maven-archetype-quickstart-1.1.jar
2019-09-10 21:13:30,476 [ModalContext] INFO  o.e.m.c.i.e.AbstractTransferListenerAdapter - Downloaded https://repo.maven.apache.org/maven2/org/apache/maven/archetypes/maven-archetype-quickstart/1.1/maven-archetype-quickstart-1.1.jar
2019-09-10 21:13:30,620 [ModalContext] INFO  o.e.m.c.i.e.AbstractTransferListenerAdapter - Downloading https://repo.maven.apache.org/maven2/org/apache/maven/archetypes/maven-archetype-quickstart/1.1/maven-archetype-quickstart-1.1.pom
2019-09-10 21:13:30,796 [ModalContext] INFO  o.e.m.c.i.e.AbstractTransferListenerAdapter - Downloaded https://repo.maven.apache.org/maven2/org/apache/maven/archetypes/maven-archetype-quickstart/1.1/maven-archetype-quickstart-1.1.pom
2019-09-17 21:33:42,257 [Worker-7: Importing Maven projects] INFO  o.e.m.c.i.l.LifecycleMappingFactory - Using org.eclipse.m2e.jdt.JarLifecycleMapping lifecycle mapping for MavenProject: br.com.unifacef:meu-primeiro-projeto-spring:0.0.1-SNAPSHOT @ C:\Users\jhigo\Documents\spring\meu-primeiro-projeto-spring\bin\pom.xml.
2019-09-17 21:33:54,488 [Worker-7: Importing Maven projects] INFO  o.e.m.c.i.l.LifecycleMappingFactory - Using org.eclipse.m2e.jdt.JarLifecycleMapping lifecycle mapping for MavenProject: br.com.unifacef:meu-primeiro-projeto-spring:0.0.1-SNAPSHOT @ C:\Users\jhigo\Documents\spring\meu-primeiro-projeto-spring\.git\pom.xml.
2019-09-17 21:33:54,830 [Worker-7: Importing Maven projects] INFO  o.e.m.c.i.l.LifecycleMappingFactory - Using org.eclipse.m2e.jdt.JarLifecycleMapping lifecycle mapping for MavenProject: br.com.unifacef:meu-primeiro-projeto-spring:0.0.1-SNAPSHOT @ C:\Users\jhigo\Documents\spring\meu-primeiro-projeto-spring\target\classes\META-INF\maven\br.com.unifacef\meu-primeiro-projeto-spring\pom.xml.
2019-09-17 21:34:08,816 [Worker-7: Importing Maven projects] INFO  o.e.m.j.i.AbstractJavaProjectConfigurator - Adding source folder /meu-primeiro-projeto-spring/src/main/java
2019-09-17 21:34:08,817 [Worker-7: Importing Maven projects] INFO  o.e.m.j.i.AbstractJavaProjectConfigurator - Adding source folder /meu-primeiro-projeto-spring/src/test/java
2019-09-17 21:34:10,174 [Worker-7: Importing Maven projects] INFO  o.e.m.c.i.p.ProjectConfigurationManager - Imported and configured 3 project(s) in 44 sec
2019-09-17 21:34:24,676 [Worker-4: Building workspace] INFO  o.e.m.c.i.embedder.EclipseLogger - Using 'UTF-8' encoding to copy filtered resources.
2019-09-17 21:34:24,683 [Worker-4: Building workspace] INFO  o.e.m.c.i.embedder.EclipseLogger - Copying 1 resource
2019-09-17 21:34:24,710 [Worker-4: Building workspace] INFO  o.e.m.c.i.embedder.EclipseLogger - Copying 0 resource
2019-09-17 21:34:24,715 [Worker-4: Building workspace] INFO  o.e.m.c.i.embedder.EclipseLogger - Using 'UTF-8' encoding to copy filtered resources.
2019-09-17 21:34:24,716 [Worker-4: Building workspace] INFO  o.e.m.c.i.embedder.EclipseLogger - skip non existing resourceDirectory C:\Users\jhigo\Documents\spring\meu-primeiro-projeto-spring\.git\src\test\resources
2019-09-17 21:34:29,293 [Worker-4: Building workspace] INFO  o.e.m.c.i.embedder.EclipseLogger - Using 'UTF-8' encoding to copy filtered resources.
2019-09-17 21:34:29,294 [Worker-4: Building workspace] INFO  o.e.m.c.i.embedder.EclipseLogger - Copying 1 resource
2019-09-17 21:34:29,296 [Worker-4: Building workspace] INFO  o.e.m.c.i.embedder.EclipseLogger - Copying 0 resource
2019-09-17 21:34:29,299 [Worker-4: Building workspace] INFO  o.e.m.c.i.embedder.EclipseLogger - Using 'UTF-8' encoding to copy filtered resources.
2019-09-17 21:34:29,299 [Worker-4: Building workspace] INFO  o.e.m.c.i.embedder.EclipseLogger - skip non existing resourceDirectory C:\Users\jhigo\Documents\spring\meu-primeiro-projeto-spring\bin\src\test\resources
2019-09-17 21:34:30,371 [Worker-4: Building workspace] INFO  o.e.m.c.i.embedder.EclipseLogger - Using 'UTF-8' encoding to copy filtered resources.
2019-09-17 21:34:30,371 [Worker-4: Building workspace] INFO  o.e.m.c.i.embedder.EclipseLogger - skip non existing resourceDirectory C:\Users\jhigo\Documents\spring\meu-primeiro-projeto-spring\target\classes\META-INF\maven\br.com.unifacef\meu-primeiro-projeto-spring\src\main\resources
2019-09-17 21:34:30,372 [Worker-4: Building workspace] INFO  o.e.m.c.i.embedder.EclipseLogger - skip non existing resourceDirectory C:\Users\jhigo\Documents\spring\meu-primeiro-projeto-spring\target\classes\META-INF\maven\br.com.unifacef\meu-primeiro-projeto-spring\src\main\resources
2019-09-17 21:34:30,373 [Worker-4: Building workspace] INFO  o.e.m.c.i.embedder.EclipseLogger - Using 'UTF-8' encoding to copy filtered resources.
2019-09-17 21:34:30,374 [Worker-4: Building workspace] INFO  o.e.m.c.i.embedder.EclipseLogger - skip non existing resourceDirectory C:\Users\jhigo\Documents\spring\meu-primeiro-projeto-spring\target\classes\META-INF\maven\br.com.unifacef\meu-primeiro-projeto-spring\src\test\resources
